2017-08-29 07:37:47,113 INFO o.a.j.u.JMeterUtils: Setting Locale to en_US
2017-08-29 07:37:47,124 INFO o.a.j.JMeter: Loading user properties from: /usr/local/Cellar/jmeter/3.2/libexec/bin/user.properties
2017-08-29 07:37:47,124 INFO o.a.j.JMeter: Loading system properties from: /usr/local/Cellar/jmeter/3.2/libexec/bin/system.properties
2017-08-29 07:37:47,130 INFO o.a.j.JMeter: Copyright (c) 1998-2017 The Apache Software Foundation
2017-08-29 07:37:47,130 INFO o.a.j.JMeter: Version 3.2 r1790748
2017-08-29 07:37:47,130 INFO o.a.j.JMeter: java.version=1.8.0_131
2017-08-29 07:37:47,130 INFO o.a.j.JMeter: java.vm.name=Java HotSpot(TM) 64-Bit Server VM
2017-08-29 07:37:47,130 INFO o.a.j.JMeter: os.name=Mac OS X
2017-08-29 07:37:47,131 INFO o.a.j.JMeter: os.arch=x86_64
2017-08-29 07:37:47,131 INFO o.a.j.JMeter: os.version=10.12.2
2017-08-29 07:37:47,131 INFO o.a.j.JMeter: file.encoding=UTF-8
2017-08-29 07:37:47,131 INFO o.a.j.JMeter: Max memory     =536870912
2017-08-29 07:37:47,131 INFO o.a.j.JMeter: Available Processors =4
2017-08-29 07:37:47,135 INFO o.a.j.JMeter: Default Locale=English (United States)
2017-08-29 07:37:47,135 INFO o.a.j.JMeter: JMeter  Locale=English (United States)
2017-08-29 07:37:47,136 INFO o.a.j.JMeter: JMeterHome=/usr/local/Cellar/jmeter/3.2/libexec
2017-08-29 07:37:47,136 INFO o.a.j.JMeter: user.dir  =/Users/gadlevy/Documents/CyPS
2017-08-29 07:37:47,136 INFO o.a.j.JMeter: PWD       =/Users/gadlevy/Documents/CyPS
2017-08-29 07:37:52,140 INFO o.a.j.JMeter: IP: 10.49.105.173 Name: MacBook-Pro-de-gad.local FullName: 10.49.105.173
2017-08-29 07:37:55,754 INFO o.a.j.g.a.LookAndFeelCommand: Using look and feel: com.apple.laf.AquaLookAndFeel [Mac OS X, System]
2017-08-29 07:37:55,761 INFO o.a.j.JMeter: Loaded icon properties from org/apache/jmeter/images/icon.properties
2017-08-29 07:37:56,381 INFO o.a.j.e.u.CompoundVariable: Note: Function class names must contain the string: '.functions.'
2017-08-29 07:37:56,381 INFO o.a.j.e.u.CompoundVariable: Note: Function class names must not contain the string: '.gui.'
2017-08-29 07:37:58,276 INFO o.a.j.g.u.MenuFactory: Skipping org.apache.jmeter.assertions.BSFAssertion
2017-08-29 07:37:58,726 INFO o.a.j.g.u.MenuFactory: Skipping org.apache.jmeter.extractor.BSFPostProcessor
2017-08-29 07:37:58,763 INFO o.a.j.g.u.MenuFactory: Skipping org.apache.jmeter.modifiers.BSFPreProcessor
2017-08-29 07:37:58,800 INFO o.a.j.p.h.s.HTTPSamplerBase: Parser for text/html is org.apache.jmeter.protocol.http.parser.LagartoBasedHtmlParser
2017-08-29 07:37:58,801 INFO o.a.j.p.h.s.HTTPSamplerBase: Parser for application/xhtml+xml is org.apache.jmeter.protocol.http.parser.LagartoBasedHtmlParser
2017-08-29 07:37:58,801 INFO o.a.j.p.h.s.HTTPSamplerBase: Parser for application/xml is org.apache.jmeter.protocol.http.parser.LagartoBasedHtmlParser
2017-08-29 07:37:58,801 INFO o.a.j.p.h.s.HTTPSamplerBase: Parser for text/xml is org.apache.jmeter.protocol.http.parser.LagartoBasedHtmlParser
2017-08-29 07:37:58,801 INFO o.a.j.p.h.s.HTTPSamplerBase: Parser for text/vnd.wap.wml is org.apache.jmeter.protocol.http.parser.RegexpHTMLParser
2017-08-29 07:37:58,801 INFO o.a.j.p.h.s.HTTPSamplerBase: Parser for text/css is org.apache.jmeter.protocol.http.parser.CssParser
2017-08-29 07:37:59,310 INFO o.a.j.e.KeyToolUtils: keytool found at 'keytool'
2017-08-29 07:37:59,311 INFO o.a.j.p.h.p.ProxyControl: HTTP(S) Test Script Recorder SSL Proxy will use keys that support embedded 3rd party resources in file /usr/local/Cellar/jmeter/3.2/libexec/bin/proxyserver.jks
2017-08-29 07:37:59,465 INFO o.a.j.g.u.MenuFactory: Skipping org.apache.jmeter.protocol.java.sampler.BSFSampler
2017-08-29 07:37:59,513 INFO o.a.j.s.FileServer: Default base='/Users/gadlevy/Documents/CyPS'
2017-08-29 07:37:59,633 INFO o.a.j.g.u.MenuFactory: Skipping org.apache.jmeter.protocol.mongodb.config.MongoSourceElement
2017-08-29 07:37:59,633 INFO o.a.j.g.u.MenuFactory: Skipping org.apache.jmeter.protocol.mongodb.sampler.MongoScriptSampler
2017-08-29 07:37:59,776 INFO o.a.j.g.u.MenuFactory: Skipping org.apache.jmeter.timers.BSFTimer
2017-08-29 07:37:59,814 INFO o.a.j.g.u.MenuFactory: Skipping org.apache.jmeter.visualizers.BSFListener
2017-08-29 07:37:59,986 INFO o.a.j.s.SampleResult: Note: Sample TimeStamps are START times
2017-08-29 07:37:59,987 INFO o.a.j.s.SampleResult: sampleresult.default.encoding is set to ISO-8859-1
2017-08-29 07:37:59,987 INFO o.a.j.s.SampleResult: sampleresult.useNanoTime=true
2017-08-29 07:37:59,987 INFO o.a.j.s.SampleResult: sampleresult.nanoThreadSleep=5000
2017-08-29 07:42:35,775 ERROR o.a.j.JMeter: Uncaught exception: 
java.lang.ArrayIndexOutOfBoundsException: -19
	at org.apache.jorphan.gui.MenuScroller.refreshMenu(MenuScroller.java:552) ~[jorphan.jar:3.2 r1790748]
	at org.apache.jorphan.gui.MenuScroller.access$300(MenuScroller.java:55) ~[jorphan.jar:3.2 r1790748]
	at org.apache.jorphan.gui.MenuScroller$MouseScrollListener.mouseWheelMoved(MenuScroller.java:578) ~[jorphan.jar:3.2 r1790748]
	at java.awt.Component.processMouseWheelEvent(Component.java:6621) ~[?:1.8.0_131]
	at java.awt.Component.processEvent(Component.java:6305) ~[?:1.8.0_131]
	at java.awt.Container.processEvent(Container.java:2236) ~[?:1.8.0_131]
	at java.awt.Component.dispatchEventImpl(Component.java:4889) ~[?:1.8.0_131]
	at java.awt.Container.dispatchEventToSelf(Container.java:2318) ~[?:1.8.0_131]
	at java.awt.Component.dispatchMouseWheelToAncestor(Component.java:5042) ~[?:1.8.0_131]
	at java.awt.Component.dispatchEventImpl(Component.java:4776) ~[?:1.8.0_131]
	at java.awt.Container.dispatchEventImpl(Container.java:2294) ~[?:1.8.0_131]
	at java.awt.Component.dispatchEvent(Component.java:4711) ~[?:1.8.0_131]
	at java.awt.LightweightDispatcher.retargetMouseEvent(Container.java:4888) ~[?:1.8.0_131]
	at java.awt.LightweightDispatcher.processMouseEvent(Container.java:4554) ~[?:1.8.0_131]
	at java.awt.LightweightDispatcher.dispatchEvent(Container.java:4466) ~[?:1.8.0_131]
	at java.awt.Container.dispatchEventImpl(Container.java:2280) ~[?:1.8.0_131]
	at java.awt.Window.dispatchEventImpl(Window.java:2746) ~[?:1.8.0_131]
	at java.awt.Component.dispatchEvent(Component.java:4711) ~[?:1.8.0_131]
	at java.awt.EventQueue.dispatchEventImpl(EventQueue.java:758) ~[?:1.8.0_131]
	at java.awt.EventQueue.access$500(EventQueue.java:97) ~[?:1.8.0_131]
	at java.awt.EventQueue$3.run(EventQueue.java:709) ~[?:1.8.0_131]
	at java.awt.EventQueue$3.run(EventQueue.java:703) ~[?:1.8.0_131]
	at java.security.AccessController.doPrivileged(Native Method) ~[?:1.8.0_131]
	at java.security.ProtectionDomain$JavaSecurityAccessImpl.doIntersectionPrivilege(ProtectionDomain.java:80) ~[?:1.8.0_131]
	at java.security.ProtectionDomain$JavaSecurityAccessImpl.doIntersectionPrivilege(ProtectionDomain.java:90) ~[?:1.8.0_131]
	at java.awt.EventQueue$4.run(EventQueue.java:731) ~[?:1.8.0_131]
	at java.awt.EventQueue$4.run(EventQueue.java:729) ~[?:1.8.0_131]
	at java.security.AccessController.doPrivileged(Native Method) ~[?:1.8.0_131]
	at java.security.ProtectionDomain$JavaSecurityAccessImpl.doIntersectionPrivilege(ProtectionDomain.java:80) ~[?:1.8.0_131]
	at java.awt.EventQueue.dispatchEvent(EventQueue.java:728) ~[?:1.8.0_131]
	at java.awt.EventDispatchThread.pumpOneEventForFilters(EventDispatchThread.java:201) [?:1.8.0_131]
	at java.awt.EventDispatchThread.pumpEventsForFilter(EventDispatchThread.java:116) [?:1.8.0_131]
	at java.awt.EventDispatchThread.pumpEventsForHierarchy(EventDispatchThread.java:105) [?:1.8.0_131]
	at java.awt.EventDispatchThread.pumpEvents(EventDispatchThread.java:101) [?:1.8.0_131]
	at java.awt.EventDispatchThread.pumpEvents(EventDispatchThread.java:93) [?:1.8.0_131]
	at java.awt.EventDispatchThread.run(EventDispatchThread.java:82) [?:1.8.0_131]
2017-08-29 07:42:35,866 ERROR o.a.j.JMeter: Uncaught exception: 
java.lang.ArrayIndexOutOfBoundsException: -19
	at org.apache.jorphan.gui.MenuScroller.refreshMenu(MenuScroller.java:552) ~[jorphan.jar:3.2 r1790748]
	at org.apache.jorphan.gui.MenuScroller.access$300(MenuScroller.java:55) ~[jorphan.jar:3.2 r1790748]
	at org.apache.jorphan.gui.MenuScroller$MouseScrollListener.mouseWheelMoved(MenuScroller.java:578) ~[jorphan.jar:3.2 r1790748]
	at java.awt.Component.processMouseWheelEvent(Component.java:6621) ~[?:1.8.0_131]
	at java.awt.Component.processEvent(Component.java:6305) ~[?:1.8.0_131]
	at java.awt.Container.processEvent(Container.java:2236) ~[?:1.8.0_131]
	at java.awt.Component.dispatchEventImpl(Component.java:4889) ~[?:1.8.0_131]
	at java.awt.Container.dispatchEventImpl(Container.java:2294) ~[?:1.8.0_131]
	at java.awt.Component.dispatchEvent(Component.java:4711) ~[?:1.8.0_131]
	at java.awt.LightweightDispatcher.retargetMouseEvent(Container.java:4888) ~[?:1.8.0_131]
	at java.awt.LightweightDispatcher.processMouseEvent(Container.java:4554) ~[?:1.8.0_131]
	at java.awt.LightweightDispatcher.dispatchEvent(Container.java:4466) ~[?:1.8.0_131]
	at java.awt.Container.dispatchEventImpl(Container.java:2280) ~[?:1.8.0_131]
	at java.awt.Window.dispatchEventImpl(Window.java:2746) ~[?:1.8.0_131]
	at java.awt.Component.dispatchEvent(Component.java:4711) ~[?:1.8.0_131]
	at java.awt.EventQueue.dispatchEventImpl(EventQueue.java:758) ~[?:1.8.0_131]
	at java.awt.EventQueue.access$500(EventQueue.java:97) ~[?:1.8.0_131]
	at java.awt.EventQueue$3.run(EventQueue.java:709) ~[?:1.8.0_131]
	at java.awt.EventQueue$3.run(EventQueue.java:703) ~[?:1.8.0_131]
	at java.security.AccessController.doPrivileged(Native Method) ~[?:1.8.0_131]
	at java.security.ProtectionDomain$JavaSecurityAccessImpl.doIntersectionPrivilege(ProtectionDomain.java:80) ~[?:1.8.0_131]
	at java.security.ProtectionDomain$JavaSecurityAccessImpl.doIntersectionPrivilege(ProtectionDomain.java:90) ~[?:1.8.0_131]
	at java.awt.EventQueue$4.run(EventQueue.java:731) ~[?:1.8.0_131]
	at java.awt.EventQueue$4.run(EventQueue.java:729) ~[?:1.8.0_131]
	at java.security.AccessController.doPrivileged(Native Method) ~[?:1.8.0_131]
	at java.security.ProtectionDomain$JavaSecurityAccessImpl.doIntersectionPrivilege(ProtectionDomain.java:80) ~[?:1.8.0_131]
	at java.awt.EventQueue.dispatchEvent(EventQueue.java:728) ~[?:1.8.0_131]
	at java.awt.EventDispatchThread.pumpOneEventForFilters(EventDispatchThread.java:201) [?:1.8.0_131]
	at java.awt.EventDispatchThread.pumpEventsForFilter(EventDispatchThread.java:116) [?:1.8.0_131]
	at java.awt.EventDispatchThread.pumpEventsForHierarchy(EventDispatchThread.java:105) [?:1.8.0_131]
	at java.awt.EventDispatchThread.pumpEvents(EventDispatchThread.java:101) [?:1.8.0_131]
	at java.awt.EventDispatchThread.pumpEvents(EventDispatchThread.java:93) [?:1.8.0_131]
	at java.awt.EventDispatchThread.run(EventDispatchThread.java:82) [?:1.8.0_131]
2017-08-29 07:42:35,919 ERROR o.a.j.JMeter: Uncaught exception: 
java.lang.ArrayIndexOutOfBoundsException: -19
	at org.apache.jorphan.gui.MenuScroller.refreshMenu(MenuScroller.java:552) ~[jorphan.jar:3.2 r1790748]
	at org.apache.jorphan.gui.MenuScroller.access$300(MenuScroller.java:55) ~[jorphan.jar:3.2 r1790748]
	at org.apache.jorphan.gui.MenuScroller$MouseScrollListener.mouseWheelMoved(MenuScroller.java:578) ~[jorphan.jar:3.2 r1790748]
	at java.awt.Component.processMouseWheelEvent(Component.java:6621) ~[?:1.8.0_131]
	at java.awt.Component.processEvent(Component.java:6305) ~[?:1.8.0_131]
	at java.awt.Container.processEvent(Container.java:2236) ~[?:1.8.0_131]
	at java.awt.Component.dispatchEventImpl(Component.java:4889) ~[?:1.8.0_131]
	at java.awt.Container.dispatchEventImpl(Container.java:2294) ~[?:1.8.0_131]
	at java.awt.Component.dispatchEvent(Component.java:4711) ~[?:1.8.0_131]
	at java.awt.LightweightDispatcher.retargetMouseEvent(Container.java:4888) ~[?:1.8.0_131]
	at java.awt.LightweightDispatcher.processMouseEvent(Container.java:4554) ~[?:1.8.0_131]
	at java.awt.LightweightDispatcher.dispatchEvent(Container.java:4466) ~[?:1.8.0_131]
	at java.awt.Container.dispatchEventImpl(Container.java:2280) ~[?:1.8.0_131]
	at java.awt.Window.dispatchEventImpl(Window.java:2746) ~[?:1.8.0_131]
	at java.awt.Component.dispatchEvent(Component.java:4711) ~[?:1.8.0_131]
	at java.awt.EventQueue.dispatchEventImpl(EventQueue.java:758) ~[?:1.8.0_131]
	at java.awt.EventQueue.access$500(EventQueue.java:97) ~[?:1.8.0_131]
	at java.awt.EventQueue$3.run(EventQueue.java:709) ~[?:1.8.0_131]
	at java.awt.EventQueue$3.run(EventQueue.java:703) ~[?:1.8.0_131]
	at java.security.AccessController.doPrivileged(Native Method) ~[?:1.8.0_131]
	at java.security.ProtectionDomain$JavaSecurityAccessImpl.doIntersectionPrivilege(ProtectionDomain.java:80) ~[?:1.8.0_131]
	at java.security.ProtectionDomain$JavaSecurityAccessImpl.doIntersectionPrivilege(ProtectionDomain.java:90) ~[?:1.8.0_131]
	at java.awt.EventQueue$4.run(EventQueue.java:731) ~[?:1.8.0_131]
	at java.awt.EventQueue$4.run(EventQueue.java:729) ~[?:1.8.0_131]
	at java.security.AccessController.doPrivileged(Native Method) ~[?:1.8.0_131]
	at java.security.ProtectionDomain$JavaSecurityAccessImpl.doIntersectionPrivilege(ProtectionDomain.java:80) ~[?:1.8.0_131]
	at java.awt.EventQueue.dispatchEvent(EventQueue.java:728) ~[?:1.8.0_131]
	at java.awt.EventDispatchThread.pumpOneEventForFilters(EventDispatchThread.java:201) [?:1.8.0_131]
	at java.awt.EventDispatchThread.pumpEventsForFilter(EventDispatchThread.java:116) [?:1.8.0_131]
	at java.awt.EventDispatchThread.pumpEventsForHierarchy(EventDispatchThread.java:105) [?:1.8.0_131]
	at java.awt.EventDispatchThread.pumpEvents(EventDispatchThread.java:101) [?:1.8.0_131]
	at java.awt.EventDispatchThread.pumpEvents(EventDispatchThread.java:93) [?:1.8.0_131]
	at java.awt.EventDispatchThread.run(EventDispatchThread.java:82) [?:1.8.0_131]
2017-08-29 07:42:35,967 ERROR o.a.j.JMeter: Uncaught exception: 
java.lang.ArrayIndexOutOfBoundsException: -19
	at org.apache.jorphan.gui.MenuScroller.refreshMenu(MenuScroller.java:552) ~[jorphan.jar:3.2 r1790748]
	at org.apache.jorphan.gui.MenuScroller.access$300(MenuScroller.java:55) ~[jorphan.jar:3.2 r1790748]
	at org.apache.jorphan.gui.MenuScroller$MouseScrollListener.mouseWheelMoved(MenuScroller.java:578) ~[jorphan.jar:3.2 r1790748]
	at java.awt.Component.processMouseWheelEvent(Component.java:6621) ~[?:1.8.0_131]
	at java.awt.Component.processEvent(Component.java:6305) ~[?:1.8.0_131]
	at java.awt.Container.processEvent(Container.java:2236) ~[?:1.8.0_131]
	at java.awt.Component.dispatchEventImpl(Component.java:4889) ~[?:1.8.0_131]
	at java.awt.Container.dispatchEventImpl(Container.java:2294) ~[?:1.8.0_131]
	at java.awt.Component.dispatchEvent(Component.java:4711) ~[?:1.8.0_131]
	at java.awt.LightweightDispatcher.retargetMouseEvent(Container.java:4888) ~[?:1.8.0_131]
	at java.awt.LightweightDispatcher.processMouseEvent(Container.java:4554) ~[?:1.8.0_131]
	at java.awt.LightweightDispatcher.dispatchEvent(Container.java:4466) ~[?:1.8.0_131]
	at java.awt.Container.dispatchEventImpl(Container.java:2280) ~[?:1.8.0_131]
	at java.awt.Window.dispatchEventImpl(Window.java:2746) ~[?:1.8.0_131]
	at java.awt.Component.dispatchEvent(Component.java:4711) ~[?:1.8.0_131]
	at java.awt.EventQueue.dispatchEventImpl(EventQueue.java:758) ~[?:1.8.0_131]
	at java.awt.EventQueue.access$500(EventQueue.java:97) ~[?:1.8.0_131]
	at java.awt.EventQueue$3.run(EventQueue.java:709) ~[?:1.8.0_131]
	at java.awt.EventQueue$3.run(EventQueue.java:703) ~[?:1.8.0_131]
	at java.security.AccessController.doPrivileged(Native Method) ~[?:1.8.0_131]
	at java.security.ProtectionDomain$JavaSecurityAccessImpl.doIntersectionPrivilege(ProtectionDomain.java:80) ~[?:1.8.0_131]
	at java.security.ProtectionDomain$JavaSecurityAccessImpl.doIntersectionPrivilege(ProtectionDomain.java:90) ~[?:1.8.0_131]
	at java.awt.EventQueue$4.run(EventQueue.java:731) ~[?:1.8.0_131]
	at java.awt.EventQueue$4.run(EventQueue.java:729) ~[?:1.8.0_131]
	at java.security.AccessController.doPrivileged(Native Method) ~[?:1.8.0_131]
	at java.security.ProtectionDomain$JavaSecurityAccessImpl.doIntersectionPrivilege(ProtectionDomain.java:80) ~[?:1.8.0_131]
	at java.awt.EventQueue.dispatchEvent(EventQueue.java:728) ~[?:1.8.0_131]
	at java.awt.EventDispatchThread.pumpOneEventForFilters(EventDispatchThread.java:201) [?:1.8.0_131]
	at java.awt.EventDispatchThread.pumpEventsForFilter(EventDispatchThread.java:116) [?:1.8.0_131]
	at java.awt.EventDispatchThread.pumpEventsForHierarchy(EventDispatchThread.java:105) [?:1.8.0_131]
	at java.awt.EventDispatchThread.pumpEvents(EventDispatchThread.java:101) [?:1.8.0_131]
	at java.awt.EventDispatchThread.pumpEvents(EventDispatchThread.java:93) [?:1.8.0_131]
	at java.awt.EventDispatchThread.run(EventDispatchThread.java:82) [?:1.8.0_131]
2017-08-29 07:42:41,086 ERROR o.a.j.JMeter: Uncaught exception: 
java.lang.ArrayIndexOutOfBoundsException: -19
	at org.apache.jorphan.gui.MenuScroller.refreshMenu(MenuScroller.java:552) ~[jorphan.jar:3.2 r1790748]
	at org.apache.jorphan.gui.MenuScroller.access$300(MenuScroller.java:55) ~[jorphan.jar:3.2 r1790748]
	at org.apache.jorphan.gui.MenuScroller$MouseScrollListener.mouseWheelMoved(MenuScroller.java:578) ~[jorphan.jar:3.2 r1790748]
	at java.awt.Component.processMouseWheelEvent(Component.java:6621) ~[?:1.8.0_131]
	at java.awt.Component.processEvent(Component.java:6305) ~[?:1.8.0_131]
	at java.awt.Container.processEvent(Container.java:2236) ~[?:1.8.0_131]
	at java.awt.Component.dispatchEventImpl(Component.java:4889) ~[?:1.8.0_131]
	at java.awt.Container.dispatchEventToSelf(Container.java:2318) ~[?:1.8.0_131]
	at java.awt.Component.dispatchMouseWheelToAncestor(Component.java:5042) ~[?:1.8.0_131]
	at java.awt.Component.dispatchEventImpl(Component.java:4776) ~[?:1.8.0_131]
	at java.awt.Container.dispatchEventImpl(Container.java:2294) ~[?:1.8.0_131]
	at java.awt.Component.dispatchEvent(Component.java:4711) ~[?:1.8.0_131]
	at java.awt.LightweightDispatcher.retargetMouseEvent(Container.java:4888) ~[?:1.8.0_131]
	at java.awt.LightweightDispatcher.processMouseEvent(Container.java:4554) ~[?:1.8.0_131]
	at java.awt.LightweightDispatcher.dispatchEvent(Container.java:4466) ~[?:1.8.0_131]
	at java.awt.Container.dispatchEventImpl(Container.java:2280) ~[?:1.8.0_131]
	at java.awt.Window.dispatchEventImpl(Window.java:2746) ~[?:1.8.0_131]
	at java.awt.Component.dispatchEvent(Component.java:4711) ~[?:1.8.0_131]
	at java.awt.EventQueue.dispatchEventImpl(EventQueue.java:758) ~[?:1.8.0_131]
	at java.awt.EventQueue.access$500(EventQueue.java:97) ~[?:1.8.0_131]
	at java.awt.EventQueue$3.run(EventQueue.java:709) ~[?:1.8.0_131]
	at java.awt.EventQueue$3.run(EventQueue.java:703) ~[?:1.8.0_131]
	at java.security.AccessController.doPrivileged(Native Method) ~[?:1.8.0_131]
	at java.security.ProtectionDomain$JavaSecurityAccessImpl.doIntersectionPrivilege(ProtectionDomain.java:80) ~[?:1.8.0_131]
	at java.security.ProtectionDomain$JavaSecurityAccessImpl.doIntersectionPrivilege(ProtectionDomain.java:90) ~[?:1.8.0_131]
	at java.awt.EventQueue$4.run(EventQueue.java:731) ~[?:1.8.0_131]
	at java.awt.EventQueue$4.run(EventQueue.java:729) ~[?:1.8.0_131]
	at java.security.AccessController.doPrivileged(Native Method) ~[?:1.8.0_131]
	at java.security.ProtectionDomain$JavaSecurityAccessImpl.doIntersectionPrivilege(ProtectionDomain.java:80) ~[?:1.8.0_131]
	at java.awt.EventQueue.dispatchEvent(EventQueue.java:728) ~[?:1.8.0_131]
	at java.awt.EventDispatchThread.pumpOneEventForFilters(EventDispatchThread.java:201) [?:1.8.0_131]
	at java.awt.EventDispatchThread.pumpEventsForFilter(EventDispatchThread.java:116) [?:1.8.0_131]
	at java.awt.EventDispatchThread.pumpEventsForHierarchy(EventDispatchThread.java:105) [?:1.8.0_131]
	at java.awt.EventDispatchThread.pumpEvents(EventDispatchThread.java:101) [?:1.8.0_131]
	at java.awt.EventDispatchThread.pumpEvents(EventDispatchThread.java:93) [?:1.8.0_131]
	at java.awt.EventDispatchThread.run(EventDispatchThread.java:82) [?:1.8.0_131]
2017-08-29 07:42:41,119 ERROR o.a.j.JMeter: Uncaught exception: 
java.lang.ArrayIndexOutOfBoundsException: -19
	at org.apache.jorphan.gui.MenuScroller.refreshMenu(MenuScroller.java:552) ~[jorphan.jar:3.2 r1790748]
	at org.apache.jorphan.gui.MenuScroller.access$300(MenuScroller.java:55) ~[jorphan.jar:3.2 r1790748]
	at org.apache.jorphan.gui.MenuScroller$MouseScrollListener.mouseWheelMoved(MenuScroller.java:578) ~[jorphan.jar:3.2 r1790748]
	at java.awt.Component.processMouseWheelEvent(Component.java:6621) ~[?:1.8.0_131]
	at java.awt.Component.processEvent(Component.java:6305) ~[?:1.8.0_131]
	at java.awt.Container.processEvent(Container.java:2236) ~[?:1.8.0_131]
	at java.awt.Component.dispatchEventImpl(Component.java:4889) ~[?:1.8.0_131]
	at java.awt.Container.dispatchEventImpl(Container.java:2294) ~[?:1.8.0_131]
	at java.awt.Component.dispatchEvent(Component.java:4711) ~[?:1.8.0_131]
	at java.awt.LightweightDispatcher.retargetMouseEvent(Container.java:4888) ~[?:1.8.0_131]
	at java.awt.LightweightDispatcher.processMouseEvent(Container.java:4554) ~[?:1.8.0_131]
	at java.awt.LightweightDispatcher.dispatchEvent(Container.java:4466) ~[?:1.8.0_131]
	at java.awt.Container.dispatchEventImpl(Container.java:2280) ~[?:1.8.0_131]
	at java.awt.Window.dispatchEventImpl(Window.java:2746) ~[?:1.8.0_131]
	at java.awt.Component.dispatchEvent(Component.java:4711) ~[?:1.8.0_131]
	at java.awt.EventQueue.dispatchEventImpl(EventQueue.java:758) ~[?:1.8.0_131]
	at java.awt.EventQueue.access$500(EventQueue.java:97) ~[?:1.8.0_131]
	at java.awt.EventQueue$3.run(EventQueue.java:709) ~[?:1.8.0_131]
	at java.awt.EventQueue$3.run(EventQueue.java:703) ~[?:1.8.0_131]
	at java.security.AccessController.doPrivileged(Native Method) ~[?:1.8.0_131]
	at java.security.ProtectionDomain$JavaSecurityAccessImpl.doIntersectionPrivilege(ProtectionDomain.java:80) ~[?:1.8.0_131]
	at java.security.ProtectionDomain$JavaSecurityAccessImpl.doIntersectionPrivilege(ProtectionDomain.java:90) ~[?:1.8.0_131]
	at java.awt.EventQueue$4.run(EventQueue.java:731) ~[?:1.8.0_131]
	at java.awt.EventQueue$4.run(EventQueue.java:729) ~[?:1.8.0_131]
	at java.security.AccessController.doPrivileged(Native Method) ~[?:1.8.0_131]
	at java.security.ProtectionDomain$JavaSecurityAccessImpl.doIntersectionPrivilege(ProtectionDomain.java:80) ~[?:1.8.0_131]
	at java.awt.EventQueue.dispatchEvent(EventQueue.java:728) ~[?:1.8.0_131]
	at java.awt.EventDispatchThread.pumpOneEventForFilters(EventDispatchThread.java:201) [?:1.8.0_131]
	at java.awt.EventDispatchThread.pumpEventsForFilter(EventDispatchThread.java:116) [?:1.8.0_131]
	at java.awt.EventDispatchThread.pumpEventsForHierarchy(EventDispatchThread.java:105) [?:1.8.0_131]
	at java.awt.EventDispatchThread.pumpEvents(EventDispatchThread.java:101) [?:1.8.0_131]
	at java.awt.EventDispatchThread.pumpEvents(EventDispatchThread.java:93) [?:1.8.0_131]
	at java.awt.EventDispatchThread.run(EventDispatchThread.java:82) [?:1.8.0_131]
2017-08-29 07:42:41,135 ERROR o.a.j.JMeter: Uncaught exception: 
java.lang.ArrayIndexOutOfBoundsException: -19
	at org.apache.jorphan.gui.MenuScroller.refreshMenu(MenuScroller.java:552) ~[jorphan.jar:3.2 r1790748]
	at org.apache.jorphan.gui.MenuScroller.access$300(MenuScroller.java:55) ~[jorphan.jar:3.2 r1790748]
	at org.apache.jorphan.gui.MenuScroller$MouseScrollListener.mouseWheelMoved(MenuScroller.java:578) ~[jorphan.jar:3.2 r1790748]
	at java.awt.Component.processMouseWheelEvent(Component.java:6621) ~[?:1.8.0_131]
	at java.awt.Component.processEvent(Component.java:6305) ~[?:1.8.0_131]
	at java.awt.Container.processEvent(Container.java:2236) ~[?:1.8.0_131]
	at java.awt.Component.dispatchEventImpl(Component.java:4889) ~[?:1.8.0_131]
	at java.awt.Container.dispatchEventImpl(Container.java:2294) ~[?:1.8.0_131]
	at java.awt.Component.dispatchEvent(Component.java:4711) ~[?:1.8.0_131]
	at java.awt.LightweightDispatcher.retargetMouseEvent(Container.java:4888) ~[?:1.8.0_131]
	at java.awt.LightweightDispatcher.processMouseEvent(Container.java:4554) ~[?:1.8.0_131]
	at java.awt.LightweightDispatcher.dispatchEvent(Container.java:4466) ~[?:1.8.0_131]
	at java.awt.Container.dispatchEventImpl(Container.java:2280) ~[?:1.8.0_131]
	at java.awt.Window.dispatchEventImpl(Window.java:2746) ~[?:1.8.0_131]
	at java.awt.Component.dispatchEvent(Component.java:4711) ~[?:1.8.0_131]
	at java.awt.EventQueue.dispatchEventImpl(EventQueue.java:758) ~[?:1.8.0_131]
	at java.awt.EventQueue.access$500(EventQueue.java:97) ~[?:1.8.0_131]
	at java.awt.EventQueue$3.run(EventQueue.java:709) ~[?:1.8.0_131]
	at java.awt.EventQueue$3.run(EventQueue.java:703) ~[?:1.8.0_131]
	at java.security.AccessController.doPrivileged(Native Method) ~[?:1.8.0_131]
	at java.security.ProtectionDomain$JavaSecurityAccessImpl.doIntersectionPrivilege(ProtectionDomain.java:80) ~[?:1.8.0_131]
	at java.security.ProtectionDomain$JavaSecurityAccessImpl.doIntersectionPrivilege(ProtectionDomain.java:90) ~[?:1.8.0_131]
	at java.awt.EventQueue$4.run(EventQueue.java:731) ~[?:1.8.0_131]
	at java.awt.EventQueue$4.run(EventQueue.java:729) ~[?:1.8.0_131]
	at java.security.AccessController.doPrivileged(Native Method) ~[?:1.8.0_131]
	at java.security.ProtectionDomain$JavaSecurityAccessImpl.doIntersectionPrivilege(ProtectionDomain.java:80) ~[?:1.8.0_131]
	at java.awt.EventQueue.dispatchEvent(EventQueue.java:728) ~[?:1.8.0_131]
	at java.awt.EventDispatchThread.pumpOneEventForFilters(EventDispatchThread.java:201) [?:1.8.0_131]
	at java.awt.EventDispatchThread.pumpEventsForFilter(EventDispatchThread.java:116) [?:1.8.0_131]
	at java.awt.EventDispatchThread.pumpEventsForHierarchy(EventDispatchThread.java:105) [?:1.8.0_131]
	at java.awt.EventDispatchThread.pumpEvents(EventDispatchThread.java:101) [?:1.8.0_131]
	at java.awt.EventDispatchThread.pumpEvents(EventDispatchThread.java:93) [?:1.8.0_131]
	at java.awt.EventDispatchThread.run(EventDispatchThread.java:82) [?:1.8.0_131]
2017-08-29 07:42:41,151 ERROR o.a.j.JMeter: Uncaught exception: 
java.lang.ArrayIndexOutOfBoundsException: -19
	at org.apache.jorphan.gui.MenuScroller.refreshMenu(MenuScroller.java:552) ~[jorphan.jar:3.2 r1790748]
	at org.apache.jorphan.gui.MenuScroller.access$300(MenuScroller.java:55) ~[jorphan.jar:3.2 r1790748]
	at org.apache.jorphan.gui.MenuScroller$MouseScrollListener.mouseWheelMoved(MenuScroller.java:578) ~[jorphan.jar:3.2 r1790748]
	at java.awt.Component.processMouseWheelEvent(Component.java:6621) ~[?:1.8.0_131]
	at java.awt.Component.processEvent(Component.java:6305) ~[?:1.8.0_131]
	at java.awt.Container.processEvent(Container.java:2236) ~[?:1.8.0_131]
	at java.awt.Component.dispatchEventImpl(Component.java:4889) ~[?:1.8.0_131]
	at java.awt.Container.dispatchEventImpl(Container.java:2294) ~[?:1.8.0_131]
	at java.awt.Component.dispatchEvent(Component.java:4711) ~[?:1.8.0_131]
	at java.awt.LightweightDispatcher.retargetMouseEvent(Container.java:4888) ~[?:1.8.0_131]
	at java.awt.LightweightDispatcher.processMouseEvent(Container.java:4554) ~[?:1.8.0_131]
	at java.awt.LightweightDispatcher.dispatchEvent(Container.java:4466) ~[?:1.8.0_131]
	at java.awt.Container.dispatchEventImpl(Container.java:2280) ~[?:1.8.0_131]
	at java.awt.Window.dispatchEventImpl(Window.java:2746) ~[?:1.8.0_131]
	at java.awt.Component.dispatchEvent(Component.java:4711) ~[?:1.8.0_131]
	at java.awt.EventQueue.dispatchEventImpl(EventQueue.java:758) ~[?:1.8.0_131]
	at java.awt.EventQueue.access$500(EventQueue.java:97) ~[?:1.8.0_131]
	at java.awt.EventQueue$3.run(EventQueue.java:709) ~[?:1.8.0_131]
	at java.awt.EventQueue$3.run(EventQueue.java:703) ~[?:1.8.0_131]
	at java.security.AccessController.doPrivileged(Native Method) ~[?:1.8.0_131]
	at java.security.ProtectionDomain$JavaSecurityAccessImpl.doIntersectionPrivilege(ProtectionDomain.java:80) ~[?:1.8.0_131]
	at java.security.ProtectionDomain$JavaSecurityAccessImpl.doIntersectionPrivilege(ProtectionDomain.java:90) ~[?:1.8.0_131]
	at java.awt.EventQueue$4.run(EventQueue.java:731) ~[?:1.8.0_131]
	at java.awt.EventQueue$4.run(EventQueue.java:729) ~[?:1.8.0_131]
	at java.security.AccessController.doPrivileged(Native Method) ~[?:1.8.0_131]
	at java.security.ProtectionDomain$JavaSecurityAccessImpl.doIntersectionPrivilege(ProtectionDomain.java:80) ~[?:1.8.0_131]
	at java.awt.EventQueue.dispatchEvent(EventQueue.java:728) ~[?:1.8.0_131]
	at java.awt.EventDispatchThread.pumpOneEventForFilters(EventDispatchThread.java:201) [?:1.8.0_131]
	at java.awt.EventDispatchThread.pumpEventsForFilter(EventDispatchThread.java:116) [?:1.8.0_131]
	at java.awt.EventDispatchThread.pumpEventsForHierarchy(EventDispatchThread.java:105) [?:1.8.0_131]
	at java.awt.EventDispatchThread.pumpEvents(EventDispatchThread.java:101) [?:1.8.0_131]
	at java.awt.EventDispatchThread.pumpEvents(EventDispatchThread.java:93) [?:1.8.0_131]
	at java.awt.EventDispatchThread.run(EventDispatchThread.java:82) [?:1.8.0_131]
2017-08-29 07:42:41,192 ERROR o.a.j.JMeter: Uncaught exception: 
java.lang.ArrayIndexOutOfBoundsException: -19
	at org.apache.jorphan.gui.MenuScroller.refreshMenu(MenuScroller.java:552) ~[jorphan.jar:3.2 r1790748]
	at org.apache.jorphan.gui.MenuScroller.access$300(MenuScroller.java:55) ~[jorphan.jar:3.2 r1790748]
	at org.apache.jorphan.gui.MenuScroller$MouseScrollListener.mouseWheelMoved(MenuScroller.java:578) ~[jorphan.jar:3.2 r1790748]
	at java.awt.Component.processMouseWheelEvent(Component.java:6621) ~[?:1.8.0_131]
	at java.awt.Component.processEvent(Component.java:6305) ~[?:1.8.0_131]
	at java.awt.Container.processEvent(Container.java:2236) ~[?:1.8.0_131]
	at java.awt.Component.dispatchEventImpl(Component.java:4889) ~[?:1.8.0_131]
	at java.awt.Container.dispatchEventImpl(Container.java:2294) ~[?:1.8.0_131]
	at java.awt.Component.dispatchEvent(Component.java:4711) ~[?:1.8.0_131]
	at java.awt.LightweightDispatcher.retargetMouseEvent(Container.java:4888) ~[?:1.8.0_131]
	at java.awt.LightweightDispatcher.processMouseEvent(Container.java:4554) ~[?:1.8.0_131]
	at java.awt.LightweightDispatcher.dispatchEvent(Container.java:4466) ~[?:1.8.0_131]
	at java.awt.Container.dispatchEventImpl(Container.java:2280) ~[?:1.8.0_131]
	at java.awt.Window.dispatchEventImpl(Window.java:2746) ~[?:1.8.0_131]
	at java.awt.Component.dispatchEvent(Component.java:4711) ~[?:1.8.0_131]
	at java.awt.EventQueue.dispatchEventImpl(EventQueue.java:758) ~[?:1.8.0_131]
	at java.awt.EventQueue.access$500(EventQueue.java:97) ~[?:1.8.0_131]
	at java.awt.EventQueue$3.run(EventQueue.java:709) ~[?:1.8.0_131]
	at java.awt.EventQueue$3.run(EventQueue.java:703) ~[?:1.8.0_131]
	at java.security.AccessController.doPrivileged(Native Method) ~[?:1.8.0_131]
	at java.security.ProtectionDomain$JavaSecurityAccessImpl.doIntersectionPrivilege(ProtectionDomain.java:80) ~[?:1.8.0_131]
	at java.security.ProtectionDomain$JavaSecurityAccessImpl.doIntersectionPrivilege(ProtectionDomain.java:90) ~[?:1.8.0_131]
	at java.awt.EventQueue$4.run(EventQueue.java:731) ~[?:1.8.0_131]
	at java.awt.EventQueue$4.run(EventQueue.java:729) ~[?:1.8.0_131]
	at java.security.AccessController.doPrivileged(Native Method) ~[?:1.8.0_131]
	at java.security.ProtectionDomain$JavaSecurityAccessImpl.doIntersectionPrivilege(ProtectionDomain.java:80) ~[?:1.8.0_131]
	at java.awt.EventQueue.dispatchEvent(EventQueue.java:728) ~[?:1.8.0_131]
	at java.awt.EventDispatchThread.pumpOneEventForFilters(EventDispatchThread.java:201) [?:1.8.0_131]
	at java.awt.EventDispatchThread.pumpEventsForFilter(EventDispatchThread.java:116) [?:1.8.0_131]
	at java.awt.EventDispatchThread.pumpEventsForHierarchy(EventDispatchThread.java:105) [?:1.8.0_131]
	at java.awt.EventDispatchThread.pumpEvents(EventDispatchThread.java:101) [?:1.8.0_131]
	at java.awt.EventDispatchThread.pumpEvents(EventDispatchThread.java:93) [?:1.8.0_131]
	at java.awt.EventDispatchThread.run(EventDispatchThread.java:82) [?:1.8.0_131]
2017-08-29 07:42:41,214 ERROR o.a.j.JMeter: Uncaught exception: 
java.lang.ArrayIndexOutOfBoundsException: -19
	at org.apache.jorphan.gui.MenuScroller.refreshMenu(MenuScroller.java:552) ~[jorphan.jar:3.2 r1790748]
	at org.apache.jorphan.gui.MenuScroller.access$300(MenuScroller.java:55) ~[jorphan.jar:3.2 r1790748]
	at org.apache.jorphan.gui.MenuScroller$MouseScrollListener.mouseWheelMoved(MenuScroller.java:578) ~[jorphan.jar:3.2 r1790748]
	at java.awt.Component.processMouseWheelEvent(Component.java:6621) ~[?:1.8.0_131]
	at java.awt.Component.processEvent(Component.java:6305) ~[?:1.8.0_131]
	at java.awt.Container.processEvent(Container.java:2236) ~[?:1.8.0_131]
	at java.awt.Component.dispatchEventImpl(Component.java:4889) ~[?:1.8.0_131]
	at java.awt.Container.dispatchEventImpl(Container.java:2294) ~[?:1.8.0_131]
	at java.awt.Component.dispatchEvent(Component.java:4711) ~[?:1.8.0_131]
	at java.awt.LightweightDispatcher.retargetMouseEvent(Container.java:4888) ~[?:1.8.0_131]
	at java.awt.LightweightDispatcher.processMouseEvent(Container.java:4554) ~[?:1.8.0_131]
	at java.awt.LightweightDispatcher.dispatchEvent(Container.java:4466) ~[?:1.8.0_131]
	at java.awt.Container.dispatchEventImpl(Container.java:2280) ~[?:1.8.0_131]
	at java.awt.Window.dispatchEventImpl(Window.java:2746) ~[?:1.8.0_131]
	at java.awt.Component.dispatchEvent(Component.java:4711) ~[?:1.8.0_131]
	at java.awt.EventQueue.dispatchEventImpl(EventQueue.java:758) ~[?:1.8.0_131]
	at java.awt.EventQueue.access$500(EventQueue.java:97) ~[?:1.8.0_131]
	at java.awt.EventQueue$3.run(EventQueue.java:709) ~[?:1.8.0_131]
	at java.awt.EventQueue$3.run(EventQueue.java:703) ~[?:1.8.0_131]
	at java.security.AccessController.doPrivileged(Native Method) ~[?:1.8.0_131]
	at java.security.ProtectionDomain$JavaSecurityAccessImpl.doIntersectionPrivilege(ProtectionDomain.java:80) ~[?:1.8.0_131]
	at java.security.ProtectionDomain$JavaSecurityAccessImpl.doIntersectionPrivilege(ProtectionDomain.java:90) ~[?:1.8.0_131]
	at java.awt.EventQueue$4.run(EventQueue.java:731) ~[?:1.8.0_131]
	at java.awt.EventQueue$4.run(EventQueue.java:729) ~[?:1.8.0_131]
	at java.security.AccessController.doPrivileged(Native Method) ~[?:1.8.0_131]
	at java.security.ProtectionDomain$JavaSecurityAccessImpl.doIntersectionPrivilege(ProtectionDomain.java:80) ~[?:1.8.0_131]
	at java.awt.EventQueue.dispatchEvent(EventQueue.java:728) ~[?:1.8.0_131]
	at java.awt.EventDispatchThread.pumpOneEventForFilters(EventDispatchThread.java:201) [?:1.8.0_131]
	at java.awt.EventDispatchThread.pumpEventsForFilter(EventDispatchThread.java:116) [?:1.8.0_131]
	at java.awt.EventDispatchThread.pumpEventsForHierarchy(EventDispatchThread.java:105) [?:1.8.0_131]
	at java.awt.EventDispatchThread.pumpEvents(EventDispatchThread.java:101) [?:1.8.0_131]
	at java.awt.EventDispatchThread.pumpEvents(EventDispatchThread.java:93) [?:1.8.0_131]
	at java.awt.EventDispatchThread.run(EventDispatchThread.java:82) [?:1.8.0_131]
2017-08-29 07:42:41,238 ERROR o.a.j.JMeter: Uncaught exception: 
java.lang.ArrayIndexOutOfBoundsException: -19
	at org.apache.jorphan.gui.MenuScroller.refreshMenu(MenuScroller.java:552) ~[jorphan.jar:3.2 r1790748]
	at org.apache.jorphan.gui.MenuScroller.access$300(MenuScroller.java:55) ~[jorphan.jar:3.2 r1790748]
	at org.apache.jorphan.gui.MenuScroller$MouseScrollListener.mouseWheelMoved(MenuScroller.java:578) ~[jorphan.jar:3.2 r1790748]
	at java.awt.Component.processMouseWheelEvent(Component.java:6621) ~[?:1.8.0_131]
	at java.awt.Component.processEvent(Component.java:6305) ~[?:1.8.0_131]
	at java.awt.Container.processEvent(Container.java:2236) ~[?:1.8.0_131]
	at java.awt.Component.dispatchEventImpl(Component.java:4889) ~[?:1.8.0_131]
	at java.awt.Container.dispatchEventImpl(Container.java:2294) ~[?:1.8.0_131]
	at java.awt.Component.dispatchEvent(Component.java:4711) ~[?:1.8.0_131]
	at java.awt.LightweightDispatcher.retargetMouseEvent(Container.java:4888) ~[?:1.8.0_131]
	at java.awt.LightweightDispatcher.processMouseEvent(Container.java:4554) ~[?:1.8.0_131]
	at java.awt.LightweightDispatcher.dispatchEvent(Container.java:4466) ~[?:1.8.0_131]
	at java.awt.Container.dispatchEventImpl(Container.java:2280) ~[?:1.8.0_131]
	at java.awt.Window.dispatchEventImpl(Window.java:2746) ~[?:1.8.0_131]
	at java.awt.Component.dispatchEvent(Component.java:4711) ~[?:1.8.0_131]
	at java.awt.EventQueue.dispatchEventImpl(EventQueue.java:758) ~[?:1.8.0_131]
	at java.awt.EventQueue.access$500(EventQueue.java:97) ~[?:1.8.0_131]
	at java.awt.EventQueue$3.run(EventQueue.java:709) ~[?:1.8.0_131]
	at java.awt.EventQueue$3.run(EventQueue.java:703) ~[?:1.8.0_131]
	at java.security.AccessController.doPrivileged(Native Method) ~[?:1.8.0_131]
	at java.security.ProtectionDomain$JavaSecurityAccessImpl.doIntersectionPrivilege(ProtectionDomain.java:80) ~[?:1.8.0_131]
	at java.security.ProtectionDomain$JavaSecurityAccessImpl.doIntersectionPrivilege(ProtectionDomain.java:90) ~[?:1.8.0_131]
	at java.awt.EventQueue$4.run(EventQueue.java:731) ~[?:1.8.0_131]
	at java.awt.EventQueue$4.run(EventQueue.java:729) ~[?:1.8.0_131]
	at java.security.AccessController.doPrivileged(Native Method) ~[?:1.8.0_131]
	at java.security.ProtectionDomain$JavaSecurityAccessImpl.doIntersectionPrivilege(ProtectionDomain.java:80) ~[?:1.8.0_131]
	at java.awt.EventQueue.dispatchEvent(EventQueue.java:728) ~[?:1.8.0_131]
	at java.awt.EventDispatchThread.pumpOneEventForFilters(EventDispatchThread.java:201) [?:1.8.0_131]
	at java.awt.EventDispatchThread.pumpEventsForFilter(EventDispatchThread.java:116) [?:1.8.0_131]
	at java.awt.EventDispatchThread.pumpEventsForHierarchy(EventDispatchThread.java:105) [?:1.8.0_131]
	at java.awt.EventDispatchThread.pumpEvents(EventDispatchThread.java:101) [?:1.8.0_131]
	at java.awt.EventDispatchThread.pumpEvents(EventDispatchThread.java:93) [?:1.8.0_131]
	at java.awt.EventDispatchThread.run(EventDispatchThread.java:82) [?:1.8.0_131]
2017-08-29 07:42:41,288 ERROR o.a.j.JMeter: Uncaught exception: 
java.lang.ArrayIndexOutOfBoundsException: -19
	at org.apache.jorphan.gui.MenuScroller.refreshMenu(MenuScroller.java:552) ~[jorphan.jar:3.2 r1790748]
	at org.apache.jorphan.gui.MenuScroller.access$300(MenuScroller.java:55) ~[jorphan.jar:3.2 r1790748]
	at org.apache.jorphan.gui.MenuScroller$MouseScrollListener.mouseWheelMoved(MenuScroller.java:578) ~[jorphan.jar:3.2 r1790748]
	at java.awt.Component.processMouseWheelEvent(Component.java:6621) ~[?:1.8.0_131]
	at java.awt.Component.processEvent(Component.java:6305) ~[?:1.8.0_131]
	at java.awt.Container.processEvent(Container.java:2236) ~[?:1.8.0_131]
	at java.awt.Component.dispatchEventImpl(Component.java:4889) ~[?:1.8.0_131]
	at java.awt.Container.dispatchEventImpl(Container.java:2294) ~[?:1.8.0_131]
	at java.awt.Component.dispatchEvent(Component.java:4711) ~[?:1.8.0_131]
	at java.awt.LightweightDispatcher.retargetMouseEvent(Container.java:4888) ~[?:1.8.0_131]
	at java.awt.LightweightDispatcher.processMouseEvent(Container.java:4554) ~[?:1.8.0_131]
	at java.awt.LightweightDispatcher.dispatchEvent(Container.java:4466) ~[?:1.8.0_131]
	at java.awt.Container.dispatchEventImpl(Container.java:2280) ~[?:1.8.0_131]
	at java.awt.Window.dispatchEventImpl(Window.java:2746) ~[?:1.8.0_131]
	at java.awt.Component.dispatchEvent(Component.java:4711) ~[?:1.8.0_131]
	at java.awt.EventQueue.dispatchEventImpl(EventQueue.java:758) ~[?:1.8.0_131]
	at java.awt.EventQueue.access$500(EventQueue.java:97) ~[?:1.8.0_131]
	at java.awt.EventQueue$3.run(EventQueue.java:709) ~[?:1.8.0_131]
	at java.awt.EventQueue$3.run(EventQueue.java:703) ~[?:1.8.0_131]
	at java.security.AccessController.doPrivileged(Native Method) ~[?:1.8.0_131]
	at java.security.ProtectionDomain$JavaSecurityAccessImpl.doIntersectionPrivilege(ProtectionDomain.java:80) ~[?:1.8.0_131]
	at java.security.ProtectionDomain$JavaSecurityAccessImpl.doIntersectionPrivilege(ProtectionDomain.java:90) ~[?:1.8.0_131]
	at java.awt.EventQueue$4.run(EventQueue.java:731) ~[?:1.8.0_131]
	at java.awt.EventQueue$4.run(EventQueue.java:729) ~[?:1.8.0_131]
	at java.security.AccessController.doPrivileged(Native Method) ~[?:1.8.0_131]
	at java.security.ProtectionDomain$JavaSecurityAccessImpl.doIntersectionPrivilege(ProtectionDomain.java:80) ~[?:1.8.0_131]
	at java.awt.EventQueue.dispatchEvent(EventQueue.java:728) ~[?:1.8.0_131]
	at java.awt.EventDispatchThread.pumpOneEventForFilters(EventDispatchThread.java:201) [?:1.8.0_131]
	at java.awt.EventDispatchThread.pumpEventsForFilter(EventDispatchThread.java:116) [?:1.8.0_131]
	at java.awt.EventDispatchThread.pumpEventsForHierarchy(EventDispatchThread.java:105) [?:1.8.0_131]
	at java.awt.EventDispatchThread.pumpEvents(EventDispatchThread.java:101) [?:1.8.0_131]
	at java.awt.EventDispatchThread.pumpEvents(EventDispatchThread.java:93) [?:1.8.0_131]
	at java.awt.EventDispatchThread.run(EventDispatchThread.java:82) [?:1.8.0_131]
2017-08-29 07:42:41,317 ERROR o.a.j.JMeter: Uncaught exception: 
java.lang.ArrayIndexOutOfBoundsException: -19
	at org.apache.jorphan.gui.MenuScroller.refreshMenu(MenuScroller.java:552) ~[jorphan.jar:3.2 r1790748]
	at org.apache.jorphan.gui.MenuScroller.access$300(MenuScroller.java:55) ~[jorphan.jar:3.2 r1790748]
	at org.apache.jorphan.gui.MenuScroller$MouseScrollListener.mouseWheelMoved(MenuScroller.java:578) ~[jorphan.jar:3.2 r1790748]
	at java.awt.Component.processMouseWheelEvent(Component.java:6621) ~[?:1.8.0_131]
	at java.awt.Component.processEvent(Component.java:6305) ~[?:1.8.0_131]
	at java.awt.Container.processEvent(Container.java:2236) ~[?:1.8.0_131]
	at java.awt.Component.dispatchEventImpl(Component.java:4889) ~[?:1.8.0_131]
	at java.awt.Container.dispatchEventImpl(Container.java:2294) ~[?:1.8.0_131]
	at java.awt.Component.dispatchEvent(Component.java:4711) ~[?:1.8.0_131]
	at java.awt.LightweightDispatcher.retargetMouseEvent(Container.java:4888) ~[?:1.8.0_131]
	at java.awt.LightweightDispatcher.processMouseEvent(Container.java:4554) ~[?:1.8.0_131]
	at java.awt.LightweightDispatcher.dispatchEvent(Container.java:4466) ~[?:1.8.0_131]
	at java.awt.Container.dispatchEventImpl(Container.java:2280) ~[?:1.8.0_131]
	at java.awt.Window.dispatchEventImpl(Window.java:2746) ~[?:1.8.0_131]
	at java.awt.Component.dispatchEvent(Component.java:4711) ~[?:1.8.0_131]
	at java.awt.EventQueue.dispatchEventImpl(EventQueue.java:758) ~[?:1.8.0_131]
	at java.awt.EventQueue.access$500(EventQueue.java:97) ~[?:1.8.0_131]
	at java.awt.EventQueue$3.run(EventQueue.java:709) ~[?:1.8.0_131]
	at java.awt.EventQueue$3.run(EventQueue.java:703) ~[?:1.8.0_131]
	at java.security.AccessController.doPrivileged(Native Method) ~[?:1.8.0_131]
	at java.security.ProtectionDomain$JavaSecurityAccessImpl.doIntersectionPrivilege(ProtectionDomain.java:80) ~[?:1.8.0_131]
	at java.security.ProtectionDomain$JavaSecurityAccessImpl.doIntersectionPrivilege(ProtectionDomain.java:90) ~[?:1.8.0_131]
	at java.awt.EventQueue$4.run(EventQueue.java:731) ~[?:1.8.0_131]
	at java.awt.EventQueue$4.run(EventQueue.java:729) ~[?:1.8.0_131]
	at java.security.AccessController.doPrivileged(Native Method) ~[?:1.8.0_131]
	at java.security.ProtectionDomain$JavaSecurityAccessImpl.doIntersectionPrivilege(ProtectionDomain.java:80) ~[?:1.8.0_131]
	at java.awt.EventQueue.dispatchEvent(EventQueue.java:728) ~[?:1.8.0_131]
	at java.awt.EventDispatchThread.pumpOneEventForFilters(EventDispatchThread.java:201) [?:1.8.0_131]
	at java.awt.EventDispatchThread.pumpEventsForFilter(EventDispatchThread.java:116) [?:1.8.0_131]
	at java.awt.EventDispatchThread.pumpEventsForHierarchy(EventDispatchThread.java:105) [?:1.8.0_131]
	at java.awt.EventDispatchThread.pumpEvents(EventDispatchThread.java:101) [?:1.8.0_131]
	at java.awt.EventDispatchThread.pumpEvents(EventDispatchThread.java:93) [?:1.8.0_131]
	at java.awt.EventDispatchThread.run(EventDispatchThread.java:82) [?:1.8.0_131]
2017-08-29 07:42:41,402 ERROR o.a.j.JMeter: Uncaught exception: 
java.lang.ArrayIndexOutOfBoundsException: -19
	at org.apache.jorphan.gui.MenuScroller.refreshMenu(MenuScroller.java:552) ~[jorphan.jar:3.2 r1790748]
	at org.apache.jorphan.gui.MenuScroller.access$300(MenuScroller.java:55) ~[jorphan.jar:3.2 r1790748]
	at org.apache.jorphan.gui.MenuScroller$MouseScrollListener.mouseWheelMoved(MenuScroller.java:578) ~[jorphan.jar:3.2 r1790748]
	at java.awt.Component.processMouseWheelEvent(Component.java:6621) ~[?:1.8.0_131]
	at java.awt.Component.processEvent(Component.java:6305) ~[?:1.8.0_131]
	at java.awt.Container.processEvent(Container.java:2236) ~[?:1.8.0_131]
	at java.awt.Component.dispatchEventImpl(Component.java:4889) ~[?:1.8.0_131]
	at java.awt.Container.dispatchEventImpl(Container.java:2294) ~[?:1.8.0_131]
	at java.awt.Component.dispatchEvent(Component.java:4711) ~[?:1.8.0_131]
	at java.awt.LightweightDispatcher.retargetMouseEvent(Container.java:4888) ~[?:1.8.0_131]
	at java.awt.LightweightDispatcher.processMouseEvent(Container.java:4554) ~[?:1.8.0_131]
	at java.awt.LightweightDispatcher.dispatchEvent(Container.java:4466) ~[?:1.8.0_131]
	at java.awt.Container.dispatchEventImpl(Container.java:2280) ~[?:1.8.0_131]
	at java.awt.Window.dispatchEventImpl(Window.java:2746) ~[?:1.8.0_131]
	at java.awt.Component.dispatchEvent(Component.java:4711) ~[?:1.8.0_131]
	at java.awt.EventQueue.dispatchEventImpl(EventQueue.java:758) ~[?:1.8.0_131]
	at java.awt.EventQueue.access$500(EventQueue.java:97) ~[?:1.8.0_131]
	at java.awt.EventQueue$3.run(EventQueue.java:709) ~[?:1.8.0_131]
	at java.awt.EventQueue$3.run(EventQueue.java:703) ~[?:1.8.0_131]
	at java.security.AccessController.doPrivileged(Native Method) ~[?:1.8.0_131]
	at java.security.ProtectionDomain$JavaSecurityAccessImpl.doIntersectionPrivilege(ProtectionDomain.java:80) ~[?:1.8.0_131]
	at java.security.ProtectionDomain$JavaSecurityAccessImpl.doIntersectionPrivilege(ProtectionDomain.java:90) ~[?:1.8.0_131]
	at java.awt.EventQueue$4.run(EventQueue.java:731) ~[?:1.8.0_131]
	at java.awt.EventQueue$4.run(EventQueue.java:729) ~[?:1.8.0_131]
	at java.security.AccessController.doPrivileged(Native Method) ~[?:1.8.0_131]
	at java.security.ProtectionDomain$JavaSecurityAccessImpl.doIntersectionPrivilege(ProtectionDomain.java:80) ~[?:1.8.0_131]
	at java.awt.EventQueue.dispatchEvent(EventQueue.java:728) ~[?:1.8.0_131]
	at java.awt.EventDispatchThread.pumpOneEventForFilters(EventDispatchThread.java:201) [?:1.8.0_131]
	at java.awt.EventDispatchThread.pumpEventsForFilter(EventDispatchThread.java:116) [?:1.8.0_131]
	at java.awt.EventDispatchThread.pumpEventsForHierarchy(EventDispatchThread.java:105) [?:1.8.0_131]
	at java.awt.EventDispatchThread.pumpEvents(EventDispatchThread.java:101) [?:1.8.0_131]
	at java.awt.EventDispatchThread.pumpEvents(EventDispatchThread.java:93) [?:1.8.0_131]
	at java.awt.EventDispatchThread.run(EventDispatchThread.java:82) [?:1.8.0_131]
2017-08-29 07:42:41,403 ERROR o.a.j.JMeter: Uncaught exception: 
java.lang.ArrayIndexOutOfBoundsException: -19
	at org.apache.jorphan.gui.MenuScroller.refreshMenu(MenuScroller.java:552) ~[jorphan.jar:3.2 r1790748]
	at org.apache.jorphan.gui.MenuScroller.access$300(MenuScroller.java:55) ~[jorphan.jar:3.2 r1790748]
	at org.apache.jorphan.gui.MenuScroller$MouseScrollListener.mouseWheelMoved(MenuScroller.java:578) ~[jorphan.jar:3.2 r1790748]
	at java.awt.Component.processMouseWheelEvent(Component.java:6621) ~[?:1.8.0_131]
	at java.awt.Component.processEvent(Component.java:6305) ~[?:1.8.0_131]
	at java.awt.Container.processEvent(Container.java:2236) ~[?:1.8.0_131]
	at java.awt.Component.dispatchEventImpl(Component.java:4889) ~[?:1.8.0_131]
	at java.awt.Container.dispatchEventImpl(Container.java:2294) ~[?:1.8.0_131]
	at java.awt.Component.dispatchEvent(Component.java:4711) ~[?:1.8.0_131]
	at java.awt.LightweightDispatcher.retargetMouseEvent(Container.java:4888) ~[?:1.8.0_131]
	at java.awt.LightweightDispatcher.processMouseEvent(Container.java:4554) ~[?:1.8.0_131]
	at java.awt.LightweightDispatcher.dispatchEvent(Container.java:4466) ~[?:1.8.0_131]
	at java.awt.Container.dispatchEventImpl(Container.java:2280) ~[?:1.8.0_131]
	at java.awt.Window.dispatchEventImpl(Window.java:2746) ~[?:1.8.0_131]
	at java.awt.Component.dispatchEvent(Component.java:4711) ~[?:1.8.0_131]
	at java.awt.EventQueue.dispatchEventImpl(EventQueue.java:758) ~[?:1.8.0_131]
	at java.awt.EventQueue.access$500(EventQueue.java:97) ~[?:1.8.0_131]
	at java.awt.EventQueue$3.run(EventQueue.java:709) ~[?:1.8.0_131]
	at java.awt.EventQueue$3.run(EventQueue.java:703) ~[?:1.8.0_131]
	at java.security.AccessController.doPrivileged(Native Method) ~[?:1.8.0_131]
	at java.security.ProtectionDomain$JavaSecurityAccessImpl.doIntersectionPrivilege(ProtectionDomain.java:80) ~[?:1.8.0_131]
	at java.security.ProtectionDomain$JavaSecurityAccessImpl.doIntersectionPrivilege(ProtectionDomain.java:90) ~[?:1.8.0_131]
	at java.awt.EventQueue$4.run(EventQueue.java:731) ~[?:1.8.0_131]
	at java.awt.EventQueue$4.run(EventQueue.java:729) ~[?:1.8.0_131]
	at java.security.AccessController.doPrivileged(Native Method) ~[?:1.8.0_131]
	at java.security.ProtectionDomain$JavaSecurityAccessImpl.doIntersectionPrivilege(ProtectionDomain.java:80) ~[?:1.8.0_131]
	at java.awt.EventQueue.dispatchEvent(EventQueue.java:728) ~[?:1.8.0_131]
	at java.awt.EventDispatchThread.pumpOneEventForFilters(EventDispatchThread.java:201) [?:1.8.0_131]
	at java.awt.EventDispatchThread.pumpEventsForFilter(EventDispatchThread.java:116) [?:1.8.0_131]
	at java.awt.EventDispatchThread.pumpEventsForHierarchy(EventDispatchThread.java:105) [?:1.8.0_131]
	at java.awt.EventDispatchThread.pumpEvents(EventDispatchThread.java:101) [?:1.8.0_131]
	at java.awt.EventDispatchThread.pumpEvents(EventDispatchThread.java:93) [?:1.8.0_131]
	at java.awt.EventDispatchThread.run(EventDispatchThread.java:82) [?:1.8.0_131]
2017-08-29 07:49:33,771 INFO o.a.j.p.h.p.ProxyControl: Creating HTTP(S) Test Script Recorder Root CA in /usr/local/Cellar/jmeter/3.2/libexec/bin/proxyserver.jks, ensure you install certificate in your Browser for recording
2017-08-29 07:49:36,353 WARN o.a.j.e.KeyToolUtils: Failed creating /Users/gadlevy/Documents/CyPS/ApacheJMeterTemporaryRootCA.crt, check 'keytool' utility in path is available and points to a JDK >= 7
2017-08-29 07:49:36,353 INFO o.a.j.p.h.p.ProxyControl: Created keystore in /usr/local/Cellar/jmeter/3.2/libexec/bin/proxyserver.jks
2017-08-29 07:49:36,376 INFO o.a.j.p.h.p.Daemon: Creating Daemon Socket on port: 8080
2017-08-29 07:49:36,390 INFO o.a.j.p.h.p.Daemon: Test Script Recorder up and running!
2017-08-29 07:51:35,676 INFO o.a.j.p.h.p.Daemon: HTTP(S) Test Script Recorder stopped
2017-08-29 07:51:36,832 INFO o.a.j.p.h.p.ProxyControl: Valid alias found for :root_ca:
2017-08-29 07:51:36,833 INFO o.a.j.p.h.p.ProxyControl: Valid alias found for :intermediate_ca:
2017-08-29 07:51:36,833 INFO o.a.j.p.h.p.Daemon: Creating Daemon Socket on port: 8080
2017-08-29 07:51:36,834 INFO o.a.j.p.h.p.Daemon: Test Script Recorder up and running!
2017-08-29 07:57:06,276 INFO o.a.j.r.ResultCollector: Shutdown hook started
2017-08-29 07:57:06,276 INFO o.a.j.r.ResultCollector: Shutdown hook ended
